gem5 Simulator System.  http://gem5.org
gem5 is copyrighted software; use the --copyright option for details.

gem5 compiled Nov 27 2016 12:46:38
gem5 started Nov 27 2016 20:58:13
gem5 executing on twin, pid 20062
ERROR:root:code for hash md5 was not found.
Traceback (most recent call last):
  File "/home/unga/grajesh/lib/python2.7/hashlib.py", line 147, in <module>
    globals()[__func_name] = __get_hash(__func_name)
  File "/home/unga/grajesh/lib/python2.7/hashlib.py", line 97, in __get_builtin_constructor
    raise ValueError('unsupported hash type ' + name)
ValueError: unsupported hash type md5
ERROR:root:code for hash sha1 was not found.
Traceback (most recent call last):
  File "/home/unga/grajesh/lib/python2.7/hashlib.py", line 147, in <module>
    globals()[__func_name] = __get_hash(__func_name)
  File "/home/unga/grajesh/lib/python2.7/hashlib.py", line 97, in __get_builtin_constructor
    raise ValueError('unsupported hash type ' + name)
ValueError: unsupported hash type sha1
ERROR:root:code for hash sha224 was not found.
Traceback (most recent call last):
  File "/home/unga/grajesh/lib/python2.7/hashlib.py", line 147, in <module>
    globals()[__func_name] = __get_hash(__func_name)
  File "/home/unga/grajesh/lib/python2.7/hashlib.py", line 97, in __get_builtin_constructor
    raise ValueError('unsupported hash type ' + name)
ValueError: unsupported hash type sha224
ERROR:root:code for hash sha256 was not found.
Traceback (most recent call last):
  File "/home/unga/grajesh/lib/python2.7/hashlib.py", line 147, in <module>
    globals()[__func_name] = __get_hash(__func_name)
  File "/home/unga/grajesh/lib/python2.7/hashlib.py", line 97, in __get_builtin_constructor
    raise ValueError('unsupported hash type ' + name)
ValueError: unsupported hash type sha256
ERROR:root:code for hash sha384 was not found.
Traceback (most recent call last):
  File "/home/unga/grajesh/lib/python2.7/hashlib.py", line 147, in <module>
    globals()[__func_name] = __get_hash(__func_name)
  File "/home/unga/grajesh/lib/python2.7/hashlib.py", line 97, in __get_builtin_constructor
    raise ValueError('unsupported hash type ' + name)
ValueError: unsupported hash type sha384
ERROR:root:code for hash sha512 was not found.
Traceback (most recent call last):
  File "/home/unga/grajesh/lib/python2.7/hashlib.py", line 147, in <module>
    globals()[__func_name] = __get_hash(__func_name)
  File "/home/unga/grajesh/lib/python2.7/hashlib.py", line 97, in __get_builtin_constructor
    raise ValueError('unsupported hash type ' + name)
ValueError: unsupported hash type sha512
command line: build/X86/gem5.fast -r --outdir=output/singleCore-1gb/dealII/run1 configs/example/singleCore.py --cpu-type=detailed --caches --l2cache --cmd=../../../big/rrip/cpu2006/benchspec/CPU2006/447.dealII/exe/dealII_base.amd64-m64-gcc42-nn --options=8 --mem-size=1GB --restore-simpoint-checkpoint -r 1 --checkpoint-dir=output/singleCore-1gb/dealII/

Resuming from output/singleCore-1gb/dealII/cpt.simpoint_00_inst_0_weight_1.000000_interval_100000000_warmup_0
Resuming from SimPoint #0, start_inst:0, weight:1.000000, interval:100000000, warmup:0
Global frequency set at 1000000000000 ticks per second
warn: DRAM device capacity (8192 Mbytes) does not match the address range assigned (1024 Mbytes)
0: system.remote_gdb.listener: listening for remote gdb on port 7000
warn: optional parameter system.cpu.workload:M5_pid not present
Switch at curTick count:10000
warn: ClockedObject: More than one power state change request encountered within the same simulation tick
warn: ClockedObject: More than one power state change request encountered within the same simulation tick
info: Entering event queue @ 0.  Starting simulation...
Switched CPUS @ tick 400
switching cpus
info: Entering event queue @ 400.  Starting simulation...
Warmed up! Dumping and resetting stats!
info: Entering event queue @ 140400.  Starting simulation...
info: Increasing stack size by one page.
info: Increasing stack size by one page.
warn: instruction 'fsubrp' unimplemented
warn: instruction 'fsubrp' unimplemented
warn: instruction 'fsubr' unimplemented
warn: instruction 'fdivrp' unimplemented
Refinement cycle: 0
Done running SimPoint!
